2020-03-05 11:42:42,636 vortexasdk.operations — INFO — Searching Geographies with params: {'term': ['china']}
2020-03-05 11:42:42,636 vortexasdk.client — INFO — Creating new VortexaClient
2020-03-05 11:42:42,769 vortexasdk.client — INFO — 13 Results to retreive. Sending 1 post requests in parallel using 6 threads.
2020-03-05 11:42:43,089 vortexasdk.operations — INFO — Searching Products with params: {'term': ['Crude/Condensates'], 'ids': [], 'product_parent': [], 'allowTopLevelProducts': True}
2020-03-05 11:42:43,233 vortexasdk.client — INFO — 1 Results to retreive. Sending 1 post requests in parallel using 6 threads.
2020-03-05 11:42:43,553 vortexasdk.operations — INFO — Searching CargoTimeSeries with params: {'timeseries_frequency': 'day', 'timeseries_unit': 'b', 'timeseries_activity': 'loading_start', 'filter_activity': 'loading_start', 'filter_time_min': '2019-01-01T00:00:00.000Z', 'filter_time_max': '2019-12-31T00:00:00.000Z', 'size': 500, 'filter_charterers': [], 'filter_owners': [], 'filter_products': ['54af755a090118dcf9b0724c9a4e9f14745c26165385ffa7f1445bc768f06f11'], 'filter_vessels': [], 'filter_destinations': ['934c47f36c16a58d68ef5e007e62a23f5f036ee3f3d1f5f85a48c572b90ad8b2'], 'filter_origins': [], 'filter_storage_locations': [], 'filter_ship_to_ship_locations': [], 'filter_waypoints': [], 'disable_geographic_exclusion_rules': None}
2020-03-05 11:42:43,920 vortexasdk.client — INFO — 1 Results to retreive. Sending 1 post requests in parallel using 6 threads.
2020-03-05 11:47:15,217 vortexasdk.operations — INFO — Searching Geographies with params: {'term': ['china']}
2020-03-05 11:47:15,217 vortexasdk.client — INFO — Creating new VortexaClient
2020-03-05 11:47:15,335 vortexasdk.client — INFO — 13 Results to retreive. Sending 1 post requests in parallel using 6 threads.
2020-03-05 11:47:15,655 vortexasdk.operations — INFO — Searching Products with params: {'term': ['Crude/Condensates'], 'ids': [], 'product_parent': [], 'allowTopLevelProducts': True}
2020-03-05 11:47:15,788 vortexasdk.client — INFO — 1 Results to retreive. Sending 1 post requests in parallel using 6 threads.
2020-03-05 11:47:16,004 vortexasdk.operations — INFO — Searching CargoTimeSeries with params: {'timeseries_frequency': 'day', 'timeseries_unit': 'b', 'timeseries_activity': 'unloaded_state', 'filter_activity': 'unloaded_state', 'filter_time_min': '2019-01-01T00:00:00.000Z', 'filter_time_max': '2019-12-31T00:00:00.000Z', 'size': 500, 'filter_charterers': [], 'filter_owners': [], 'filter_products': ['54af755a090118dcf9b0724c9a4e9f14745c26165385ffa7f1445bc768f06f11'], 'filter_vessels': [], 'filter_destinations': ['934c47f36c16a58d68ef5e007e62a23f5f036ee3f3d1f5f85a48c572b90ad8b2'], 'filter_origins': [], 'filter_storage_locations': [], 'filter_ship_to_ship_locations': [], 'filter_waypoints': [], 'disable_geographic_exclusion_rules': None}
2020-03-05 11:47:16,122 vortexasdk.client — ERROR — Bad Request
2020-03-05 11:47:16,122 vortexasdk.client — ERROR — 400
2020-03-05 11:47:16,123 vortexasdk.client — ERROR — <Response [400]>
2020-03-05 11:47:16,123 vortexasdk.client — ERROR — {'message': "Invalid value for 'timeseries_activity'. 'unloaded_state' is not supported."}
2020-03-05 11:47:16,123 vortexasdk.client — ERROR — payload: {'timeseries_frequency': 'day', 'timeseries_unit': 'b', 'timeseries_activity': 'unloaded_state', 'filter_activity': 'unloaded_state', 'filter_time_min': '2019-01-01T00:00:00.000Z', 'filter_time_max': '2019-12-31T00:00:00.000Z', 'size': 1, 'filter_charterers': [], 'filter_owners': [], 'filter_products': ['54af755a090118dcf9b0724c9a4e9f14745c26165385ffa7f1445bc768f06f11'], 'filter_vessels': [], 'filter_destinations': ['934c47f36c16a58d68ef5e007e62a23f5f036ee3f3d1f5f85a48c572b90ad8b2'], 'filter_origins': [], 'filter_storage_locations': [], 'filter_ship_to_ship_locations': [], 'filter_waypoints': [], 'offset': 0, 'cm_offset': 0, 'cm_size': 1}
2020-03-05 11:47:16,124 vortexasdk.client — INFO — 1 Results to retreive. Sending 1 post requests in parallel using 6 threads.
2020-03-05 11:47:16,226 vortexasdk.client — ERROR — Bad Request
2020-03-05 11:47:16,226 vortexasdk.client — ERROR — 400
2020-03-05 11:47:16,226 vortexasdk.client — ERROR — <Response [400]>
2020-03-05 11:47:16,226 vortexasdk.client — ERROR — {'message': "Invalid value for 'timeseries_activity'. 'unloaded_state' is not supported."}
2020-03-05 11:47:16,226 vortexasdk.client — ERROR — payload: {'timeseries_frequency': 'day', 'timeseries_unit': 'b', 'timeseries_activity': 'unloaded_state', 'filter_activity': 'unloaded_state', 'filter_time_min': '2019-01-01T00:00:00.000Z', 'filter_time_max': '2019-12-31T00:00:00.000Z', 'size': 500, 'filter_charterers': [], 'filter_owners': [], 'filter_products': ['54af755a090118dcf9b0724c9a4e9f14745c26165385ffa7f1445bc768f06f11'], 'filter_vessels': [], 'filter_destinations': ['934c47f36c16a58d68ef5e007e62a23f5f036ee3f3d1f5f85a48c572b90ad8b2'], 'filter_origins': [], 'filter_storage_locations': [], 'filter_ship_to_ship_locations': [], 'filter_waypoints': [], 'offset': 0, 'cm_offset': 0, 'cm_size': 500}
2020-03-05 11:57:36,237 vortexasdk.operations — INFO — Searching Geographies with params: {'term': ['china']}
2020-03-05 11:57:36,238 vortexasdk.client — INFO — Creating new VortexaClient
2020-03-05 11:57:36,373 vortexasdk.client — INFO — 13 Results to retreive. Sending 1 post requests in parallel using 6 threads.
2020-03-05 11:57:36,592 vortexasdk.operations — INFO — Searching Products with params: {'term': ['Crude/Condensates'], 'ids': [], 'product_parent': [], 'allowTopLevelProducts': True}
2020-03-05 11:57:36,707 vortexasdk.client — INFO — 1 Results to retreive. Sending 1 post requests in parallel using 6 threads.
2020-03-05 11:57:36,920 vortexasdk.operations — INFO — Searching CargoTimeSeries with params: {'timeseries_frequency': 'day', 'timeseries_unit': 'b', 'timeseries_activity': 'unloading_start', 'filter_activity': 'unloading_start', 'filter_time_min': '2019-01-01T00:00:00.000Z', 'filter_time_max': '2019-12-31T00:00:00.000Z', 'size': 500, 'filter_charterers': [], 'filter_owners': [], 'filter_products': ['54af755a090118dcf9b0724c9a4e9f14745c26165385ffa7f1445bc768f06f11'], 'filter_vessels': [], 'filter_destinations': ['934c47f36c16a58d68ef5e007e62a23f5f036ee3f3d1f5f85a48c572b90ad8b2'], 'filter_origins': [], 'filter_storage_locations': [], 'filter_ship_to_ship_locations': [], 'filter_waypoints': [], 'disable_geographic_exclusion_rules': None}
2020-03-05 11:57:37,156 vortexasdk.client — INFO — 1 Results to retreive. Sending 1 post requests in parallel using 6 threads.
